<?xml version="1.0" encoding="UTF-8"?>
<testsuites name="jest tests" tests="2" failures="0" errors="0" time="1.308">
  <testsuite name="GET /" errors="0" failures="0" skipped="0" timestamp="2025-05-27T04:46:36" time="1.178" tests="2">
    <testcase classname="GET / should return the welcome message" name="GET / should return the welcome message" time="0.028">
    </testcase>
    <testcase classname="GET /unknown should return 404 for undefined routes" name="GET /unknown should return 404 for undefined routes" time="0.007">
    </testcase>
  </testsuite>
</testsuites>